2010-11-26 15:17:54 HttpConnector Opening server socket on all host IP addresses
2010-11-26 15:17:54 WebappLoader[]: Deploying class repositories to work directory /Volumes/Data/BBN/Projects/trimCougaar/TrimCougaar/webtomcat/data/work
2010-11-26 15:17:54 StandardManager[]: Seeding random number generator class java.security.SecureRandom
2010-11-26 15:17:54 StandardManager[]: Seeding of random number generator has been completed
2010-11-26 15:17:54 ContextConfig[]: Missing default web.xml, using application web.xml only
2010-11-26 15:17:54 ContextConfig[]: Added certificates -> request attribute Valve
2010-11-26 15:17:54 ContextConfig[]: Configured an authenticator for method BASIC
2010-11-26 15:17:54 HttpConnector[8800] Starting background thread
2010-11-26 15:17:55 HttpProcessor[8800][0] Starting background thread
2010-11-26 15:17:55 HttpProcessor[8800][1] Starting background thread
2010-11-26 15:17:55 HttpProcessor[8800][2] Starting background thread
2010-11-26 15:17:55 HttpProcessor[8800][3] Starting background thread
2010-11-26 15:17:55 HttpProcessor[8800][4] Starting background thread
2010-11-26 15:17:55 cougaar: init
2010-11-26 15:17:55 cougaar: init
2010-11-26 15:17:55 cougaar: init
2010-11-26 15:17:55 cougaar: init
2010-11-26 15:17:55 cougaar: init
2010-11-26 16:09:07 HttpConnector Opening server socket on all host IP addresses
2010-11-26 16:09:07 WebappLoader[]: Deploying class repositories to work directory /Volumes/Data/BBN/Projects/trimCougaar/TrimCougaar/webtomcat/data/work
2010-11-26 16:09:07 StandardManager[]: Seeding random number generator class java.security.SecureRandom
2010-11-26 16:09:07 StandardManager[]: Seeding of random number generator has been completed
2010-11-26 16:09:07 ContextConfig[]: Missing default web.xml, using application web.xml only
2010-11-26 16:09:07 ContextConfig[]: Added certificates -> request attribute Valve
2010-11-26 16:09:07 ContextConfig[]: Configured an authenticator for method BASIC
2010-11-26 16:09:07 HttpConnector[8801] Starting background thread
2010-11-26 16:09:07 HttpProcessor[8801][0] Starting background thread
2010-11-26 16:09:07 HttpProcessor[8801][1] Starting background thread
2010-11-26 16:09:07 HttpProcessor[8801][2] Starting background thread
2010-11-26 16:09:07 HttpProcessor[8801][3] Starting background thread
2010-11-26 16:09:07 HttpProcessor[8801][4] Starting background thread
2010-11-26 16:09:07 cougaar: init
2010-11-26 16:09:07 cougaar: init
2010-11-26 16:09:07 cougaar: init
2010-11-26 16:09:07 cougaar: init
2010-11-26 16:09:07 cougaar: init
2010-11-26 16:10:20 HttpConnector Opening server socket on all host IP addresses
2010-11-26 16:10:20 WebappLoader[]: Deploying class repositories to work directory /Volumes/Data/BBN/Projects/trimCougaar/TrimCougaar/webtomcat/data/work
2010-11-26 16:10:20 StandardManager[]: Seeding random number generator class java.security.SecureRandom
2010-11-26 16:10:20 StandardManager[]: Seeding of random number generator has been completed
2010-11-26 16:10:20 ContextConfig[]: Missing default web.xml, using application web.xml only
2010-11-26 16:10:20 ContextConfig[]: Added certificates -> request attribute Valve
2010-11-26 16:10:20 ContextConfig[]: Configured an authenticator for method BASIC
2010-11-26 16:10:20 HttpConnector[8802] Starting background thread
2010-11-26 16:10:20 HttpProcessor[8802][0] Starting background thread
2010-11-26 16:10:20 HttpProcessor[8802][1] Starting background thread
2010-11-26 16:10:20 HttpProcessor[8802][2] Starting background thread
2010-11-26 16:10:20 HttpProcessor[8802][3] Starting background thread
2010-11-26 16:10:20 HttpProcessor[8802][4] Starting background thread
2010-11-26 16:10:20 cougaar: init
2010-11-26 16:10:20 cougaar: init
2010-11-26 16:10:20 cougaar: init
2010-11-26 16:10:20 cougaar: init
2010-11-26 16:10:20 cougaar: init
2010-11-26 16:12:41 HttpConnector Opening server socket on all host IP addresses
2010-11-26 16:12:41 WebappLoader[]: Deploying class repositories to work directory /Volumes/Data/BBN/Projects/trimCougaar/TrimCougaar/webtomcat/data/work
2010-11-26 16:12:41 StandardManager[]: Seeding random number generator class java.security.SecureRandom
2010-11-26 16:12:41 StandardManager[]: Seeding of random number generator has been completed
2010-11-26 16:12:41 ContextConfig[]: Missing default web.xml, using application web.xml only
2010-11-26 16:12:41 ContextConfig[]: Added certificates -> request attribute Valve
2010-11-26 16:12:41 ContextConfig[]: Configured an authenticator for method BASIC
2010-11-26 16:12:41 HttpConnector[8801] Starting background thread
2010-11-26 16:12:41 HttpProcessor[8801][0] Starting background thread
2010-11-26 16:12:41 HttpProcessor[8801][1] Starting background thread
2010-11-26 16:12:41 HttpProcessor[8801][2] Starting background thread
2010-11-26 16:12:41 HttpProcessor[8801][3] Starting background thread
2010-11-26 16:12:41 HttpProcessor[8801][4] Starting background thread
2010-11-26 16:12:41 cougaar: init
2010-11-26 16:12:41 cougaar: init
2010-11-26 16:12:41 cougaar: init
2010-11-26 16:12:41 cougaar: init
2010-11-26 16:12:41 cougaar: init
2010-11-26 16:12:47 HttpConnector Opening server socket on all host IP addresses
2010-11-26 16:12:47 WebappLoader[]: Deploying class repositories to work directory /Volumes/Data/BBN/Projects/trimCougaar/TrimCougaar/webtomcat/data/work
2010-11-26 16:12:47 StandardManager[]: Seeding random number generator class java.security.SecureRandom
